2025-05-28 19:12:03,348 - semgrep.run_scan - DEBUG - semgrep version 1.2.0
2025-05-28 19:12:03,351 - semgrep.git - DEBUG - Failed to get project url from 'git ls-remote': Command failed with exit code: 128
-----
Command failed with output:
fatal: No remote configured to list refs from.


Failed to run 'git ls-remote --get-url'. Possible reasons:

- the git binary is not available
- the current working directory is not a git repository
- the baseline commit is not a parent of the current commit
    (if you are running through semgrep-app, check if you are setting `SEMGREP_BRANCH` or `SEMGREP_BASELINE_COMMIT` properly)
- the current working directory is not marked as safe
    (fix with `git config --global --add safe.directory $(pwd)`)

Try running the command yourself to debug the issue.
2025-05-28 19:12:03,352 - semgrep.config_resolver - DEBUG - Loading local config from /home/runner/workspace/.config/.semgrep/semgrep_rules.json
2025-05-28 19:12:03,362 - semgrep.config_resolver - DEBUG - Done loading local config from /home/runner/workspace/.config/.semgrep/semgrep_rules.json
2025-05-28 19:12:03,366 - semgrep.config_resolver - DEBUG - Saving rules to /tmp/semgrep-jen2e_yt.rules
2025-05-28 19:12:03,557 - semgrep.semgrep_core - DEBUG - Failed to open resource semgrep-core-proprietary: [Errno 2] No such file or directory: '/tmp/_MEIKZISxp/semgrep/bin/semgrep-core-proprietary'.
2025-05-28 19:12:04,079 - semgrep.rule_lang - DEBUG - semgrep-core validation response: valid=True
2025-05-28 19:12:04,080 - semgrep.rule_lang - DEBUG - semgrep-core validation succeeded
2025-05-28 19:12:04,080 - semgrep.rule_lang - DEBUG - RPC validation succeeded
2025-05-28 19:12:04,080 - semgrep.config_resolver - DEBUG - loaded 1 configs in 0.7286036014556885
2025-05-28 19:12:04,156 - semgrep.run_scan - VERBOSE - running 711 rules from 1 config /home/runner/workspace/.config/.semgrep/semgrep_rules.json_0
2025-05-28 19:12:04,156 - semgrep.run_scan - VERBOSE - No .semgrepignore found. Using default .semgrepignore rules. See the docs for the list of default ignores: https://semgrep.dev/docs/cli-usage/#ignore-files
2025-05-28 19:12:04,158 - semgrep.run_scan - VERBOSE - Rules:
2025-05-28 19:12:04,158 - semgrep.run_scan - VERBOSE - <SKIPPED DATA (too many entries; use --max-log-list-entries)>
2025-05-28 19:12:04,602 - semgrep.core_runner - DEBUG - Passing whole rules directly to semgrep_core
2025-05-28 19:12:04,794 - semgrep.core_runner - DEBUG - Running Semgrep engine with command:
2025-05-28 19:12:04,794 - semgrep.core_runner - DEBUG - /tmp/_MEIKZISxp/semgrep/bin/opengrep-core -json -rules /tmp/tmpmrfnekwh.json -j 8 -targets /tmp/tmpg6qp9dex -timeout 5 -timeout_threshold 3 -max_memory 0 -fast
2025-05-28 19:12:12,908 - semgrep.core_runner - DEBUG - --- semgrep-core stderr ---
[00.08][[34mINFO[0m]: Executed as: /tmp/_MEIKZISxp/semgrep/bin/opengrep-core -json -rules /tmp/tmpmrfnekwh.json -j 8 -targets /tmp/tmpg6qp9dex -timeout 5 -timeout_threshold 3 -max_memory 0 -fast
[00.08][[34mINFO[0m]: Version: 1.2.0
[00.08][[34mINFO[0m]: Parsing rules in /tmp/tmpmrfnekwh.json
[00.57][[34mINFO[0m]: scan: processing 282 files (skipping 0), with 454 rules (skipping 0 )
[03.63][[33mWARNING[0m]: Fixpoint timeout while performing taint analysis [rule: config..semgrep.vendored-rules.javascript.express.security.injection.raw-html-format file: client/src/pages/chat-room.tsx func: ChatRoom:11173]
[0m[04.03][[33mWARNING[0m]: Fixpoint timeout while performing taint analysis [rule: config..semgrep.vendored-rules.javascript.lang.security.audit.detect-non-literal-require file: client/src/components/ui/sidebar.tsx func: ???]
[0m[04.22][[33mWARNING[0m]: Fixpoint timeout while performing taint analysis [rule: config..semgrep.vendored-rules.javascript.express.security.audit.xss.direct-response-write file: client/src/pages/chat-room.tsx func: ChatRoom:11173]
[0m[04.74][[33mWARNING[0m]: Fixpoint timeout while performing taint analysis [rule: config..semgrep.vendored-rules.typescript.react.security.audit.react-href-var file: client/src/pages/home.tsx func: Home:18759]
[0m[08.07][[34mINFO[0m]: Custom ignore pattern: None
[08.07][[34mINFO[0m]: Custom ignore pattern: None
--- end semgrep-core stderr ---
2025-05-28 19:12:12,916 - semgrep.rule_match - DEBUG - match_key = ('', PosixPath('client/index.html'), 'config..semgrep.vendored-rules.html.security.audit.missing-integrity') match_id = 0ee74fd49637bebe183eca7188dbde26e386314e62cc2e7ba1ee60b377b638243fcd84e6c6fa04886198ccacfa6a711bfbcc61a28f9ddc913d5b3c53083cbc90_0
2025-05-28 19:12:12,917 - semgrep.rule_match - DEBUG - match_key = (' type="text/javascript" src="https://replit.com/public/js/replit-dev-banner.js" (?is).*integrity= (google-analytics\\.com|fonts\\.googleapis\\.com|fonts\\.gstatic\\.com|googletagmanager\\.com) .*rel\\s*=\\s*[\'"]?preconnect.* href="... :// ..." href="//..." href=\'... :// ...\' href=\'//...\' src="... :// ..." src="//..." src=\'... :// ...\' src=\'//...\' <link  type="text/javascript" src="https://replit.com/public/js/replit-dev-banner.js" > <script  type="text/javascript" src="https://replit.com/public/js/replit-dev-banner.js" >...</script>', PosixPath('client/index.html'), 'config..semgrep.vendored-rules.html.security.audit.missing-integrity') match_id = 0728b64e224596592d04447ba8a642ff94e1fb9fcc07be26d49dc7e7f6898e638ad16ffcaca086932c58f4c6400fe32603323afef02cf9bfebcb0e4a53562a40_0
2025-05-28 19:12:12,917 - semgrep.rule_match - DEBUG - match_key = (' type="text/javascript" src="https://replit.com/public/js/replit-dev-banner.js" (?is).*integrity= (google-analytics\\.com|fonts\\.googleapis\\.com|fonts\\.gstatic\\.com|googletagmanager\\.com) .*rel\\s*=\\s*[\'"]?preconnect.* href="... :// ..." href="//..." href=\'... :// ...\' href=\'//...\' src="... :// ..." src="//..." src=\'... :// ...\' src=\'//...\' <link  type="text/javascript" src="https://replit.com/public/js/replit-dev-banner.js" > <script  type="text/javascript" src="https://replit.com/public/js/replit-dev-banner.js" >...</script>', PosixPath('client/index.html'), 'config..semgrep.vendored-rules.html.security.audit.missing-integrity') match_id = 0728b64e224596592d04447ba8a642ff94e1fb9fcc07be26d49dc7e7f6898e638ad16ffcaca086932c58f4c6400fe32603323afef02cf9bfebcb0e4a53562a40_0
2025-05-28 19:12:12,918 - semgrep.rule_match - DEBUG - match_key = (' type="text/javascript" src="https://replit.com/public/js/replit-dev-banner.js" (?is).*integrity= (google-analytics\\.com|fonts\\.googleapis\\.com|fonts\\.gstatic\\.com|googletagmanager\\.com) .*rel\\s*=\\s*[\'"]?preconnect.* href="... :// ..." href="//..." href=\'... :// ...\' href=\'//...\' src="... :// ..." src="//..." src=\'... :// ...\' src=\'//...\' <link  type="text/javascript" src="https://replit.com/public/js/replit-dev-banner.js" > <script  type="text/javascript" src="https://replit.com/public/js/replit-dev-banner.js" >...</script>', PosixPath('client/index.html'), 'config..semgrep.vendored-rules.html.security.audit.missing-integrity') match_id = 0728b64e224596592d04447ba8a642ff94e1fb9fcc07be26d49dc7e7f6898e638ad16ffcaca086932c58f4c6400fe32603323afef02cf9bfebcb0e4a53562a40_0
2025-05-28 19:12:12,918 - semgrep.rule_match - DEBUG - match_key = ('', PosixPath('server/routes.ts'), 'config..semgrep.vendored-rules.javascript.lang.security.audit.unsafe-formatstring') match_id = e24e3288a32c9ad4921da20b227a0587a0596856ea79e7c29c73137fde834094f382cf9604ac765ec32471f83cf1196712bec140c3a2b18c933a6c2a040a826f_0
2025-05-28 19:12:12,919 - semgrep.rule_match - DEBUG - match_key = ('"..." + "..."\n $X + $Y $X.concat($Y) `...${...}...`\n $X.concat("...")\n `req.method req.path - Query: $UTIL = require(\'util\')\n...\n $UTIL.format(`req.method req.path - Query:,req.query,...)\n console.log(`req.method req.path - Query:,req.query,...)\n', PosixPath('server/routes.ts'), 'config..semgrep.vendored-rules.javascript.lang.security.audit.unsafe-formatstring') match_id = d219de1ef5a9151a7018a4adc9ba65aea284d478ed572244db77e211b68b0598c93940361e5eb3e87d0234d198b596a07796fc7c13272a738fa6e2e657c2eae6_0
2025-05-28 19:12:12,919 - semgrep.rule_match - DEBUG - match_key = ('"..." + "..."\n $X + $Y $X.concat($Y) `...${...}...`\n $X.concat("...")\n `req.method req.path - Query: $UTIL = require(\'util\')\n...\n $UTIL.format(`req.method req.path - Query:,req.query,...)\n console.log(`req.method req.path - Query:,req.query,...)\n', PosixPath('server/routes.ts'), 'config..semgrep.vendored-rules.javascript.lang.security.audit.unsafe-formatstring') match_id = d219de1ef5a9151a7018a4adc9ba65aea284d478ed572244db77e211b68b0598c93940361e5eb3e87d0234d198b596a07796fc7c13272a738fa6e2e657c2eae6_0
2025-05-28 19:12:12,920 - semgrep.rule_match - DEBUG - match_key = ('"..." + "..."\n $X + $Y $X.concat($Y) `...${...}...`\n $X.concat("...")\n `req.method req.path - Query: $UTIL = require(\'util\')\n...\n $UTIL.format(`req.method req.path - Query:,req.query,...)\n console.log(`req.method req.path - Query:,req.query,...)\n', PosixPath('server/routes.ts'), 'config..semgrep.vendored-rules.javascript.lang.security.audit.unsafe-formatstring') match_id = d219de1ef5a9151a7018a4adc9ba65aea284d478ed572244db77e211b68b0598c93940361e5eb3e87d0234d198b596a07796fc7c13272a738fa6e2e657c2eae6_0
2025-05-28 19:12:12,922 - semgrep.core_runner - DEBUG - semgrep ran in 0:00:08.319800 on 100 files
2025-05-28 19:12:12,923 - semgrep.core_runner - DEBUG - findings summary: 1 warning, 0 error, 1 info
2025-05-28 19:12:12,925 - semgrep.app.auth - DEBUG - Getting API token from settings file
2025-05-28 19:12:12,926 - semgrep.app.auth - DEBUG - No API token found in settings file
2025-05-28 19:12:12,926 - semgrep.semgrep_core - DEBUG - Failed to open resource semgrep-core-proprietary: [Errno 2] No such file or directory: '/tmp/_MEIKZISxp/semgrep/bin/semgrep-core-proprietary'.
2025-05-28 19:12:13,062 - semgrep.output - VERBOSE - 
========================================
Files skipped:
========================================

  Always skipped by Opengrep:

   • <none>

  Skipped by .gitignore:
  (Disable by passing --no-git-ignore)

   • <all files not listed by `git ls-files` were skipped>

  Skipped by .semgrepignore:
  - https://semgrep.dev/docs/ignoring-files-folders-code/#understand-semgrep-defaults

   • <none>

  Skipped by --include patterns:

   • <none>

  Skipped by --exclude patterns:

   • <none>

  Files skipped due to insufficient read permissions:

   • <none>

  Skipped by limiting to files smaller than 1000000 bytes:
  (Adjust with the --max-target-bytes flag)

   • <none>

  Partially analyzed due to parsing or internal Opengrep errors

   • tailwind.config.ts (1 lines skipped)

2025-05-28 19:12:13,063 - semgrep.output - INFO - Some files were skipped or only partially analyzed.
  Scan was limited to files tracked by git.
  Partially scanned: 1 files only partially analyzed due to parsing or internal Opengrep errors

Ran 435 rules on 100 files: 2 findings.
2025-05-28 19:12:13,064 - semgrep.app.version - DEBUG - Version cache does not exist
2025-05-28 19:12:13,085 - semgrep.metrics - VERBOSE - Not sending pseudonymous metrics since metrics are configured to OFF and registry usage is False
